<?xml version="1.0" encoding="UTF-8"?>
<Site BuildName="(empty)"
	BuildStamp="20230215-1110-Experimental"
	Name="irobot-ThinkPad-E15-Gen-2"
	Generator="ctest-3.16.3"
	CompilerName="/usr/bin/c++"
	CompilerVersion="9.4.0"
	OSName="Linux"
	Hostname="irobot-ThinkPad-E15-Gen-2"
	OSRelease="5.15.0-60-generic"
	OSVersion="#66~20.04.1-Ubuntu SMP Wed Jan 25 09:41:30 UTC 2023"
	OSPlatform="x86_64"
	Is64Bits="1"
	VendorString="AuthenticAMD"
	VendorID="Advanced Micro Devices"
	FamilyID="23"
	ModelID="96"
	ProcessorCacheSize="512"
	NumberOfLogicalCPU="8"
	NumberOfPhysicalCPU="8"
	TotalVirtualMemory="2047"
	TotalPhysicalMemory="15215"
	LogicalProcessorsPerPhysical="1"
	ProcessorClockFrequency="1700"
	>
	<Testing>
		<StartDateTime>Feb 15 12:10 CET</StartDateTime>
		<StartTestTime>1676459421</StartTestTime>
		<TestList/>
		<EndDateTime>Feb 15 12:10 CET</EndDateTime>
		<EndTestTime>1676459421</EndTestTime>
		<ElapsedMinutes>0</ElapsedMinutes>
	</Testing>
</Site>
